<?xml version="1.0" encoding="UTF-8"?>
<!-- Generated by org.testng.reporters.JUnitReportReporter -->
<testsuite hostname="Admin.local" failures="0" tests="1" name="testpakage.TestNGGoogleSerachPageTest" time="3.293" errors="0" timestamp="2021-05-17T14:59:35 IST" skipped="0">
  <testcase classname="testpakage.TestNGGoogleSerachPageTest" name="googleSearchtest" time="3.293"/>
  <system-out/>
</testsuite> <!-- testpakage.TestNGGoogleSerachPageTest -->
