<?xml version="1.0" encoding="UTF-8"?>
<!-- Generated by org.testng.reporters.JUnitReportReporter -->
<testsuite hostname="Admin.local" failures="0" tests="7" name="testpakage.TestNGDependenciesDemo" time="0.066" errors="0" timestamp="2021-05-27T12:07:30 IST" skipped="0">
  <testcase classname="testpakage.TestNGDependenciesDemo" name="test6" time="0.016"/>
  <system-out/>
  <testcase classname="testpakage.TestNGDependenciesDemo" name="test1" time="0.009"/>
  <system-out/>
  <testcase classname="testpakage.TestNGDependenciesDemo" name="test7" time="0.002"/>
  <system-out/>
  <testcase classname="testpakage.TestNGDependenciesDemo" name="test2" time="0.004"/>
  <system-out/>
  <testcase classname="testpakage.TestNGDependenciesDemo" name="test5" time="0.027"/>
  <system-out/>
  <testcase classname="testpakage.TestNGDependenciesDemo" name="test3" time="0.003"/>
  <system-out/>
  <testcase classname="testpakage.TestNGDependenciesDemo" name="test4" time="0.005"/>
  <system-out/>
</testsuite> <!-- testpakage.TestNGDependenciesDemo -->
