<?xml version="1.0" encoding="UTF-8"?>
<!-- Generated by org.testng.reporters.JUnitReportReporter -->
<testsuite hostname="Admin.local" failures="0" tests="4" name="utils.ExcelDataProvider" time="14.592" errors="0" timestamp="2021-05-26T17:15:08 IST" skipped="0">
  <testcase classname="utils.ExcelDataProvider" name="test1" time="2.858"/>
  <system-out/>
  <testcase classname="utils.ExcelDataProvider" name="test1" time="2.995"/>
  <system-out/>
  <testcase classname="utils.ExcelDataProvider" name="test1" time="5.932"/>
  <system-out/>
  <testcase classname="utils.ExcelDataProvider" name="test1" time="2.807"/>
  <system-out/>
</testsuite> <!-- utils.ExcelDataProvider -->
